executed,addr_mem,addr_any,ins_addr,exhaustion,img,rtn
19,1,3,0x5587275b3155,0,simple-victim,access
26,2,4,0x5587275b316d,0,simple-victim,access
27,1,5,0x5587275b3170,0,simple-victim,access
33,2,5,0x5587275b3155,0,simple-victim,access
40,3,6,0x5587275b316d,0,simple-victim,access
41,2,7,0x5587275b3170,0,simple-victim,access
47,3,7,0x5587275b3155,0,simple-victim,access
54,4,8,0x5587275b316d,0,simple-victim,access
55,3,9,0x5587275b3170,0,simple-victim,access
61,4,9,0x5587275b3155,0,simple-victim,access
68,5,10,0x5587275b316d,0,simple-victim,access
69,4,11,0x5587275b3170,0,simple-victim,access
75,5,11,0x5587275b3155,0,simple-victim,access
82,6,12,0x5587275b316d,0,simple-victim,access
83,5,13,0x5587275b3170,0,simple-victim,access
89,6,13,0x5587275b3155,0,simple-victim,access
96,7,14,0x5587275b316d,0,simple-victim,access
97,6,15,0x5587275b3170,0,simple-victim,access
103,7,15,0x5587275b3155,0,simple-victim,access
110,8,16,0x5587275b316d,0,simple-victim,access
111,7,17,0x5587275b3170,0,simple-victim,access
